<?xml version="1.0" encoding="UTF-8"?>
<coverage generated="1671699287047" clover="3.2.0">
  <project timestamp="1671699287047" name="All files">
    <metrics statements="221" coveredstatements="214" conditionals="87" coveredconditionals="85" methods="48" coveredmethods="47" elements="356" coveredelements="346" complexity="0" loc="221" ncloc="221" packages="16" files="29" classes="29"/>
    <package name="src">
      <metrics statements="7" coveredstatements="0" conditionals="2" coveredconditionals="0" methods="1" coveredmethods="0"/>
      <file name="index.tsx" path="C:\Users\Poly\Projects\LoginAPI\Front\src\index.tsx">
        <metrics statements="3" coveredstatements="0" conditionals="0" coveredconditionals="0" methods="0" coveredmethods="0"/>
        <line num="7" count="0" type="stmt"/>
        <line num="10" count="0" type="stmt"/>
        <line num="19" count="0" type="stmt"/>
      </file>
      <file name="setupProxy.js" path="C:\Users\Poly\Projects\LoginAPI\Front\src\setupProxy.js">
        <metrics statements="4" coveredstatements="0" conditionals="2" coveredconditionals="0" methods="1" coveredmethods="0"/>
        <line num="1" count="0" type="stmt"/>
        <line num="3" count="0" type="cond" truecount="0" falsecount="2"/>
        <line num="5" count="0" type="stmt"/>
        <line num="6" count="0" type="stmt"/>
      </file>
    </package>
    <package name="src.api">
      <metrics statements="44" coveredstatements="44" conditionals="14" coveredconditionals="14" methods="7" coveredmethods="7"/>
      <file name="usersAPI.ts" path="C:\Users\Poly\Projects\LoginAPI\Front\src\api\usersAPI.ts">
        <metrics statements="44" coveredstatements="44" conditionals="14" coveredconditionals="14" methods="7" coveredmethods="7"/>
        <line num="3" count="6" type="stmt"/>
        <line num="4" count="6" type="stmt"/>
        <line num="14" count="6" type="stmt"/>
        <line num="15" count="4" type="stmt"/>
        <line num="18" count="4" type="cond" truecount="2" falsecount="0"/>
        <line num="19" count="1" type="stmt"/>
        <line num="21" count="3" type="stmt"/>
        <line num="22" count="3" type="stmt"/>
        <line num="25" count="6" type="stmt"/>
        <line num="26" count="7" type="stmt"/>
        <line num="29" count="7" type="cond" truecount="2" falsecount="0"/>
        <line num="30" count="1" type="stmt"/>
        <line num="32" count="6" type="stmt"/>
        <line num="33" count="6" type="stmt"/>
        <line num="36" count="6" type="stmt"/>
        <line num="37" count="4" type="stmt"/>
        <line num="38" count="4" type="cond" truecount="2" falsecount="0"/>
        <line num="39" count="1" type="stmt"/>
        <line num="41" count="3" type="stmt"/>
        <line num="42" count="3" type="stmt"/>
        <line num="45" count="6" type="stmt"/>
        <line num="46" count="3" type="stmt"/>
        <line num="47" count="3" type="cond" truecount="2" falsecount="0"/>
        <line num="48" count="1" type="stmt"/>
        <line num="50" count="2" type="stmt"/>
        <line num="51" count="2" type="stmt"/>
        <line num="54" count="6" type="stmt"/>
        <line num="59" count="4" type="stmt"/>
        <line num="64" count="4" type="cond" truecount="2" falsecount="0"/>
        <line num="65" count="1" type="stmt"/>
        <line num="67" count="3" type="stmt"/>
        <line num="68" count="3" type="stmt"/>
        <line num="71" count="6" type="stmt"/>
        <line num="72" count="4" type="stmt"/>
        <line num="73" count="4" type="cond" truecount="2" falsecount="0"/>
        <line num="74" count="1" type="stmt"/>
        <line num="76" count="3" type="stmt"/>
        <line num="77" count="3" type="stmt"/>
        <line num="80" count="6" type="stmt"/>
        <line num="85" count="4" type="stmt"/>
        <line num="90" count="4" type="cond" truecount="2" falsecount="0"/>
        <line num="91" count="1" type="stmt"/>
        <line num="93" count="3" type="stmt"/>
        <line num="94" count="3" type="stmt"/>
      </file>
    </package>
    <package name="src.components.App">
      <metrics statements="2" coveredstatements="2" conditionals="0" coveredconditionals="0" methods="1" coveredmethods="1"/>
      <file name="App.tsx" path="C:\Users\Poly\Projects\LoginAPI\Front\src\components\App\App.tsx">
        <metrics statements="2" coveredstatements="2" conditionals="0" coveredconditionals="0" methods="1" coveredmethods="1"/>
        <line num="4" count="1" type="stmt"/>
        <line num="5" count="1" type="stmt"/>
      </file>
      <file name="index.ts" path="C:\Users\Poly\Projects\LoginAPI\Front\src\components\App\index.ts">
        <metrics statements="0" coveredstatements="0" conditionals="0" coveredconditionals="0" methods="0" coveredmethods="0"/>
      </file>
    </package>
    <package name="src.components.Button">
      <metrics statements="3" coveredstatements="3" conditionals="3" coveredconditionals="3" methods="1" coveredmethods="1"/>
      <file name="Button.tsx" path="C:\Users\Poly\Projects\LoginAPI\Front\src\components\Button\Button.tsx">
        <metrics statements="3" coveredstatements="3" conditionals="3" coveredconditionals="3" methods="1" coveredmethods="1"/>
        <line num="15" count="7" type="stmt"/>
        <line num="22" count="260" type="stmt"/>
        <line num="24" count="260" type="stmt"/>
      </file>
      <file name="index.ts" path="C:\Users\Poly\Projects\LoginAPI\Front\src\components\Button\index.ts">
        <metrics statements="0" coveredstatements="0" conditionals="0" coveredconditionals="0" methods="0" coveredmethods="0"/>
      </file>
    </package>
    <package name="src.components.TabsUI">
      <metrics statements="6" coveredstatements="6" conditionals="7" coveredconditionals="7" methods="4" coveredmethods="4"/>
      <file name="Tabs.tsx" path="C:\Users\Poly\Projects\LoginAPI\Front\src\components\TabsUI\Tabs.tsx">
        <metrics statements="6" coveredstatements="6" conditionals="7" coveredconditionals="7" methods="4" coveredmethods="4"/>
        <line num="13" count="3" type="cond" truecount="1" falsecount="0"/>
        <line num="14" count="44" type="stmt"/>
        <line num="15" count="44" type="stmt"/>
        <line num="26" count="88" type="stmt"/>
        <line num="34" count="5" type="stmt"/>
        <line num="42" count="88" type="cond" truecount="2" falsecount="0"/>
      </file>
      <file name="index.ts" path="C:\Users\Poly\Projects\LoginAPI\Front\src\components\TabsUI\index.ts">
        <metrics statements="0" coveredstatements="0" conditionals="0" coveredconditionals="0" methods="0" coveredmethods="0"/>
      </file>
    </package>
    <package name="src.components.TabsUI.Tab">
      <metrics statements="2" coveredstatements="2" conditionals="1" coveredconditionals="1" methods="1" coveredmethods="1"/>
      <file name="Tab.tsx" path="C:\Users\Poly\Projects\LoginAPI\Front\src\components\TabsUI\Tab\Tab.tsx">
        <metrics statements="2" coveredstatements="2" conditionals="1" coveredconditionals="1" methods="1" coveredmethods="1"/>
        <line num="9" count="4" type="cond" truecount="1" falsecount="0"/>
        <line num="10" count="45" type="stmt"/>
      </file>
      <file name="index.ts" path="C:\Users\Poly\Projects\LoginAPI\Front\src\components\TabsUI\Tab\index.ts">
        <metrics statements="0" coveredstatements="0" conditionals="0" coveredconditionals="0" methods="0" coveredmethods="0"/>
      </file>
    </package>
    <package name="src.components.TextInput">
      <metrics statements="8" coveredstatements="8" conditionals="13" coveredconditionals="13" methods="3" coveredmethods="3"/>
      <file name="TextInput.tsx" path="C:\Users\Poly\Projects\LoginAPI\Front\src\components\TextInput\TextInput.tsx">
        <metrics statements="8" coveredstatements="8" conditionals="13" coveredconditionals="13" methods="3" coveredmethods="3"/>
        <line num="19" count="4" type="stmt"/>
        <line num="27" count="131" type="stmt"/>
        <line num="28" count="131" type="stmt"/>
        <line num="29" count="28" type="cond" truecount="2" falsecount="0"/>
        <line num="30" count="26" type="stmt"/>
        <line num="33" count="131" type="stmt"/>
        <line num="34" count="2" type="cond" truecount="2" falsecount="0"/>
        <line num="37" count="131" type="stmt"/>
      </file>
      <file name="index.ts" path="C:\Users\Poly\Projects\LoginAPI\Front\src\components\TextInput\index.ts">
        <metrics statements="0" coveredstatements="0" conditionals="0" coveredconditionals="0" methods="0" coveredmethods="0"/>
      </file>
    </package>
    <package name="src.components.Tooltip">
      <metrics statements="5" coveredstatements="5" conditionals="5" coveredconditionals="5" methods="3" coveredmethods="3"/>
      <file name="Tooltip.tsx" path="C:\Users\Poly\Projects\LoginAPI\Front\src\components\Tooltip\Tooltip.tsx">
        <metrics statements="5" coveredstatements="5" conditionals="5" coveredconditionals="5" methods="3" coveredmethods="3"/>
        <line num="10" count="8" type="stmt"/>
        <line num="16" count="265" type="stmt"/>
        <line num="18" count="265" type="stmt"/>
        <line num="22" count="1" type="stmt"/>
        <line num="23" count="1" type="stmt"/>
      </file>
      <file name="index.ts" path="C:\Users\Poly\Projects\LoginAPI\Front\src\components\Tooltip\index.ts">
        <metrics statements="0" coveredstatements="0" conditionals="0" coveredconditionals="0" methods="0" coveredmethods="0"/>
      </file>
    </package>
    <package name="src.pages">
      <metrics statements="0" coveredstatements="0" conditionals="0" coveredconditionals="0" methods="0" coveredmethods="0"/>
      <file name="index.ts" path="C:\Users\Poly\Projects\LoginAPI\Front\src\pages\index.ts">
        <metrics statements="0" coveredstatements="0" conditionals="0" coveredconditionals="0" methods="0" coveredmethods="0"/>
      </file>
    </package>
    <package name="src.pages.Home">
      <metrics statements="13" coveredstatements="13" conditionals="2" coveredconditionals="2" methods="3" coveredmethods="3"/>
      <file name="Home.tsx" path="C:\Users\Poly\Projects\LoginAPI\Front\src\pages\Home\Home.tsx">
        <metrics statements="13" coveredstatements="13" conditionals="2" coveredconditionals="2" methods="3" coveredmethods="3"/>
        <line num="5" count="2" type="stmt"/>
        <line num="6" count="3" type="stmt"/>
        <line num="7" count="2" type="stmt"/>
        <line num="9" count="2" type="stmt"/>
        <line num="10" count="2" type="stmt"/>
        <line num="11" count="2" type="stmt"/>
        <line num="12" count="2" type="cond" truecount="2" falsecount="0"/>
        <line num="13" count="1" type="stmt"/>
        <line num="14" count="1" type="stmt"/>
        <line num="16" count="1" type="stmt"/>
        <line num="17" count="1" type="stmt"/>
        <line num="19" count="2" type="stmt"/>
        <line num="22" count="2" type="stmt"/>
      </file>
      <file name="index.ts" path="C:\Users\Poly\Projects\LoginAPI\Front\src\pages\Home\index.ts">
        <metrics statements="0" coveredstatements="0" conditionals="0" coveredconditionals="0" methods="0" coveredmethods="0"/>
      </file>
    </package>
    <package name="src.pages.Login">
      <metrics statements="44" coveredstatements="44" conditionals="12" coveredconditionals="12" methods="6" coveredmethods="6"/>
      <file name="Login.tsx" path="C:\Users\Poly\Projects\LoginAPI\Front\src\pages\Login\Login.tsx">
        <metrics statements="44" coveredstatements="44" conditionals="12" coveredconditionals="12" methods="6" coveredmethods="6"/>
        <line num="18" count="2" type="stmt"/>
        <line num="19" count="37" type="stmt"/>
        <line num="23" count="36" type="stmt"/>
        <line num="36" count="36" type="stmt"/>
        <line num="38" count="36" type="stmt"/>
        <line num="42" count="9" type="stmt"/>
        <line num="43" count="9" type="stmt"/>
        <line num="46" count="36" type="stmt"/>
        <line num="50" count="10" type="stmt"/>
        <line num="51" count="10" type="stmt"/>
        <line num="54" count="36" type="stmt"/>
        <line num="55" count="3" type="stmt"/>
        <line num="56" count="3" type="cond" truecount="2" falsecount="0"/>
        <line num="57" count="1" type="stmt"/>
        <line num="58" count="1" type="stmt"/>
        <line num="62" count="1" type="stmt"/>
        <line num="64" count="2" type="stmt"/>
        <line num="65" count="2" type="stmt"/>
        <line num="66" count="2" type="stmt"/>
        <line num="67" count="2" type="cond" truecount="2" falsecount="0"/>
        <line num="68" count="1" type="stmt"/>
        <line num="69" count="1" type="stmt"/>
        <line num="70" count="1" type="stmt"/>
        <line num="72" count="1" type="stmt"/>
        <line num="75" count="36" type="stmt"/>
        <line num="76" count="3" type="stmt"/>
        <line num="77" count="3" type="cond" truecount="2" falsecount="0"/>
        <line num="78" count="1" type="stmt"/>
        <line num="79" count="1" type="stmt"/>
        <line num="83" count="1" type="stmt"/>
        <line num="85" count="2" type="stmt"/>
        <line num="86" count="2" type="stmt"/>
        <line num="87" count="2" type="stmt"/>
        <line num="88" count="2" type="cond" truecount="2" falsecount="0"/>
        <line num="89" count="1" type="stmt"/>
        <line num="93" count="36" type="stmt"/>
        <line num="94" count="2" type="stmt"/>
        <line num="97" count="2" type="cond" truecount="2" falsecount="0"/>
        <line num="98" count="1" type="stmt"/>
        <line num="99" count="1" type="stmt"/>
        <line num="103" count="1" type="stmt"/>
        <line num="105" count="1" type="stmt"/>
        <line num="106" count="1" type="stmt"/>
        <line num="112" count="36" type="stmt"/>
      </file>
      <file name="index.ts" path="C:\Users\Poly\Projects\LoginAPI\Front\src\pages\Login\index.ts">
        <metrics statements="0" coveredstatements="0" conditionals="0" coveredconditionals="0" methods="0" coveredmethods="0"/>
      </file>
    </package>
    <package name="src.pages.ResetPassword">
      <metrics statements="35" coveredstatements="35" conditionals="12" coveredconditionals="12" methods="6" coveredmethods="6"/>
      <file name="ResetPassword.tsx" path="C:\Users\Poly\Projects\LoginAPI\Front\src\pages\ResetPassword\ResetPassword.tsx">
        <metrics statements="35" coveredstatements="35" conditionals="12" coveredconditionals="12" methods="6" coveredmethods="6"/>
        <line num="10" count="2" type="stmt"/>
        <line num="11" count="17" type="stmt"/>
        <line num="17" count="16" type="stmt"/>
        <line num="18" count="16" type="stmt"/>
        <line num="19" count="16" type="stmt"/>
        <line num="21" count="16" type="stmt"/>
        <line num="22" count="6" type="stmt"/>
        <line num="23" count="6" type="cond" truecount="2" falsecount="0"/>
        <line num="24" count="1" type="stmt"/>
        <line num="25" count="1" type="stmt"/>
        <line num="27" count="5" type="stmt"/>
        <line num="28" count="5" type="cond" truecount="2" falsecount="0"/>
        <line num="29" count="1" type="stmt"/>
        <line num="30" count="1" type="stmt"/>
        <line num="32" count="4" type="stmt"/>
        <line num="33" count="4" type="stmt"/>
        <line num="35" count="6" type="stmt"/>
        <line num="38" count="16" type="stmt"/>
        <line num="42" count="6" type="stmt"/>
        <line num="44" count="16" type="stmt"/>
        <line num="45" count="5" type="cond" truecount="2" falsecount="0"/>
        <line num="46" count="1" type="stmt"/>
        <line num="48" count="4" type="stmt"/>
        <line num="52" count="4" type="cond" truecount="2" falsecount="0"/>
        <line num="53" count="2" type="stmt"/>
        <line num="54" count="2" type="stmt"/>
        <line num="58" count="2" type="stmt"/>
        <line num="60" count="2" type="stmt"/>
        <line num="65" count="2" type="cond" truecount="2" falsecount="0"/>
        <line num="66" count="1" type="stmt"/>
        <line num="69" count="2" type="stmt"/>
        <line num="72" count="16" type="stmt"/>
        <line num="73" count="1" type="stmt"/>
        <line num="74" count="1" type="stmt"/>
        <line num="76" count="16" type="stmt"/>
      </file>
      <file name="index.ts" path="C:\Users\Poly\Projects\LoginAPI\Front\src\pages\ResetPassword\index.ts">
        <metrics statements="0" coveredstatements="0" conditionals="0" coveredconditionals="0" methods="0" coveredmethods="0"/>
      </file>
    </package>
    <package name="src.pages.Verified">
      <metrics statements="18" coveredstatements="18" conditionals="4" coveredconditionals="4" methods="4" coveredmethods="4"/>
      <file name="Verified.tsx" path="C:\Users\Poly\Projects\LoginAPI\Front\src\pages\Verified\Verified.tsx">
        <metrics statements="18" coveredstatements="18" conditionals="4" coveredconditionals="4" methods="4" coveredmethods="4"/>
        <line num="6" count="2" type="stmt"/>
        <line num="7" count="4" type="stmt"/>
        <line num="8" count="4" type="stmt"/>
        <line num="9" count="3" type="stmt"/>
        <line num="11" count="3" type="stmt"/>
        <line num="12" count="3" type="stmt"/>
        <line num="13" count="3" type="cond" truecount="2" falsecount="0"/>
        <line num="14" count="1" type="stmt"/>
        <line num="15" count="1" type="stmt"/>
        <line num="17" count="2" type="stmt"/>
        <line num="18" count="2" type="cond" truecount="2" falsecount="0"/>
        <line num="19" count="1" type="stmt"/>
        <line num="20" count="1" type="stmt"/>
        <line num="22" count="1" type="stmt"/>
        <line num="23" count="1" type="stmt"/>
        <line num="25" count="3" type="stmt"/>
        <line num="28" count="3" type="stmt"/>
        <line num="35" count="1" type="stmt"/>
      </file>
      <file name="index.ts" path="C:\Users\Poly\Projects\LoginAPI\Front\src\pages\Verified\index.ts">
        <metrics statements="0" coveredstatements="0" conditionals="0" coveredconditionals="0" methods="0" coveredmethods="0"/>
      </file>
    </package>
    <package name="src.utils">
      <metrics statements="15" coveredstatements="15" conditionals="5" coveredconditionals="5" methods="1" coveredmethods="1"/>
      <file name="validation.ts" path="C:\Users\Poly\Projects\LoginAPI\Front\src\utils\validation.ts">
        <metrics statements="15" coveredstatements="15" conditionals="5" coveredconditionals="5" methods="1" coveredmethods="1"/>
        <line num="3" count="4" type="stmt"/>
        <line num="4" count="4" type="stmt"/>
        <line num="5" count="4" type="stmt"/>
        <line num="6" count="4" type="stmt"/>
        <line num="8" count="4" type="stmt"/>
        <line num="9" count="11" type="cond" truecount="5" falsecount="0"/>
        <line num="11" count="1" type="stmt"/>
        <line num="13" count="1" type="stmt"/>
        <line num="15" count="1" type="stmt"/>
        <line num="17" count="1" type="stmt"/>
        <line num="19" count="7" type="stmt"/>
        <line num="23" count="4" type="stmt"/>
        <line num="47" count="4" type="stmt"/>
        <line num="58" count="4" type="stmt"/>
        <line num="77" count="4" type="stmt"/>
      </file>
    </package>
    <package name="src.utils.constants">
      <metrics statements="2" coveredstatements="2" conditionals="0" coveredconditionals="0" methods="0" coveredmethods="0"/>
      <file name="errors.ts" path="C:\Users\Poly\Projects\LoginAPI\Front\src\utils\constants\errors.ts">
        <metrics statements="1" coveredstatements="1" conditionals="0" coveredconditionals="0" methods="0" coveredmethods="0"/>
        <line num="1" count="3" type="stmt"/>
      </file>
      <file name="tracking.ts" path="C:\Users\Poly\Projects\LoginAPI\Front\src\utils\constants\tracking.ts">
        <metrics statements="1" coveredstatements="1" conditionals="0" coveredconditionals="0" methods="0" coveredmethods="0"/>
        <line num="1" count="7" type="stmt"/>
      </file>
    </package>
    <package name="src.utils.http">
      <metrics statements="17" coveredstatements="17" conditionals="7" coveredconditionals="7" methods="7" coveredmethods="7"/>
      <file name="http-method.ts" path="C:\Users\Poly\Projects\LoginAPI\Front\src\utils\http\http-method.ts">
        <metrics statements="1" coveredstatements="1" conditionals="0" coveredconditionals="0" methods="0" coveredmethods="0"/>
        <line num="1" count="7" type="stmt"/>
      </file>
      <file name="http.ts" path="C:\Users\Poly\Projects\LoginAPI\Front\src\utils\http\http.ts">
        <metrics statements="16" coveredstatements="16" conditionals="7" coveredconditionals="7" methods="7" coveredmethods="7"/>
        <line num="6" count="7" type="stmt"/>
        <line num="8" count="7" type="stmt"/>
        <line num="12" count="7" type="stmt"/>
        <line num="13" count="6" type="stmt"/>
        <line num="18" count="7" type="stmt"/>
        <line num="19" count="31" type="cond" truecount="2" falsecount="0"/>
        <line num="21" count="7" type="cond" truecount="1" falsecount="0"/>
        <line num="22" count="1" type="stmt"/>
        <line num="33" count="7" type="cond" truecount="1" falsecount="0"/>
        <line num="34" count="1" type="stmt"/>
        <line num="46" count="7" type="cond" truecount="1" falsecount="0"/>
        <line num="47" count="1" type="stmt"/>
        <line num="59" count="7" type="cond" truecount="2" falsecount="0"/>
        <line num="60" count="1" type="stmt"/>
        <line num="72" count="7" type="stmt"/>
        <line num="73" count="1" type="stmt"/>
      </file>
    </package>
  </project>
</coverage>
