{"C:\\Users\\Poly\\Projects\\LoginAPI\\Front\\src\\index.tsx": {"path":"C:\\Users\\Poly\\Projects\\LoginAPI\\Front\\src\\index.tsx","statementMap":{"0":{"start":{"line":7,"column":13},"end":{"line":9,"column":1}},"1":{"start":{"line":10,"column":0},"end":{"line":14,"column":2}},"2":{"start":{"line":19,"column":0},"end":{"line":19,"column":18}}},"fnMap":{},"branchMap":{},"s":{"0":0,"1":0,"2":0},"f":{},"b":{}}
,"C:\\Users\\Poly\\Projects\\LoginAPI\\Front\\src\\setupProxy.js": {"path":"C:\\Users\\Poly\\Projects\\LoginAPI\\Front\\src\\setupProxy.js","statementMap":{"0":{"start":{"line":1,"column":34},"end":{"line":1,"column":66}},"1":{"start":{"line":3,"column":19},"end":{"line":3,"column":69}},"2":{"start":{"line":5,"column":0},"end":{"line":21,"column":2}},"3":{"start":{"line":6,"column":2},"end":{"line":13,"column":4}}},"fnMap":{"0":{"name":"(anonymous_0)","decl":{"start":{"line":5,"column":17},"end":{"line":5,"column":18}},"loc":{"start":{"line":5,"column":32},"end":{"line":21,"column":1}},"line":5}},"branchMap":{"0":{"loc":{"start":{"line":3,"column":19},"end":{"line":3,"column":69}},"type":"binary-expr","locations":[{"start":{"line":3,"column":19},"end":{"line":3,"column":49}},{"start":{"line":3,"column":53},"end":{"line":3,"column":69}}],"line":3}},"s":{"0":0,"1":0,"2":0,"3":0},"f":{"0":0},"b":{"0":[0,0]}}
,"C:\\Users\\Poly\\Projects\\LoginAPI\\Front\\src\\api\\usersAPI.ts": {"path":"C:\\Users\\Poly\\Projects\\LoginAPI\\Front\\src\\api\\usersAPI.ts","statementMap":{"0":{"start":{"line":3,"column":19},"end":{"line":3,"column":27}},"1":{"start":{"line":4,"column":23},"end":{"line":12,"column":1}},"2":{"start":{"line":14,"column":32},"end":{"line":23,"column":1}},"3":{"start":{"line":15,"column":17},"end":{"line":17,"column":3}},"4":{"start":{"line":18,"column":2},"end":{"line":20,"column":3}},"5":{"start":{"line":19,"column":4},"end":{"line":19,"column":11}},"6":{"start":{"line":21,"column":19},"end":{"line":21,"column":38}},"7":{"start":{"line":22,"column":2},"end":{"line":22,"column":14}},"8":{"start":{"line":25,"column":32},"end":{"line":34,"column":1}},"9":{"start":{"line":26,"column":17},"end":{"line":28,"column":3}},"10":{"start":{"line":29,"column":2},"end":{"line":31,"column":3}},"11":{"start":{"line":30,"column":4},"end":{"line":30,"column":11}},"12":{"start":{"line":32,"column":19},"end":{"line":32,"column":38}},"13":{"start":{"line":33,"column":2},"end":{"line":33,"column":14}},"14":{"start":{"line":36,"column":27},"end":{"line":43,"column":1}},"15":{"start":{"line":37,"column":17},"end":{"line":37,"column":51}},"16":{"start":{"line":38,"column":2},"end":{"line":40,"column":3}},"17":{"start":{"line":39,"column":4},"end":{"line":39,"column":11}},"18":{"start":{"line":41,"column":19},"end":{"line":41,"column":38}},"19":{"start":{"line":42,"column":2},"end":{"line":42,"column":14}},"20":{"start":{"line":45,"column":33},"end":{"line":52,"column":1}},"21":{"start":{"line":46,"column":17},"end":{"line":46,"column":69}},"22":{"start":{"line":47,"column":2},"end":{"line":49,"column":3}},"23":{"start":{"line":48,"column":4},"end":{"line":48,"column":11}},"24":{"start":{"line":50,"column":19},"end":{"line":50,"column":38}},"25":{"start":{"line":51,"column":2},"end":{"line":51,"column":14}},"26":{"start":{"line":54,"column":32},"end":{"line":69,"column":1}},"27":{"start":{"line":59,"column":17},"end":{"line":63,"column":4}},"28":{"start":{"line":64,"column":2},"end":{"line":66,"column":3}},"29":{"start":{"line":65,"column":4},"end":{"line":65,"column":11}},"30":{"start":{"line":67,"column":19},"end":{"line":67,"column":38}},"31":{"start":{"line":68,"column":2},"end":{"line":68,"column":14}},"32":{"start":{"line":71,"column":24},"end":{"line":78,"column":1}},"33":{"start":{"line":72,"column":17},"end":{"line":72,"column":70}},"34":{"start":{"line":73,"column":2},"end":{"line":75,"column":3}},"35":{"start":{"line":74,"column":4},"end":{"line":74,"column":11}},"36":{"start":{"line":76,"column":19},"end":{"line":76,"column":38}},"37":{"start":{"line":77,"column":2},"end":{"line":77,"column":14}},"38":{"start":{"line":80,"column":27},"end":{"line":95,"column":1}},"39":{"start":{"line":85,"column":17},"end":{"line":89,"column":4}},"40":{"start":{"line":90,"column":2},"end":{"line":92,"column":3}},"41":{"start":{"line":91,"column":4},"end":{"line":91,"column":11}},"42":{"start":{"line":93,"column":26},"end":{"line":93,"column":45}},"43":{"start":{"line":94,"column":2},"end":{"line":94,"column":21}}},"fnMap":{"0":{"name":"(anonymous_0)","decl":{"start":{"line":14,"column":32},"end":{"line":14,"column":33}},"loc":{"start":{"line":14,"column":57},"end":{"line":23,"column":1}},"line":14},"1":{"name":"(anonymous_1)","decl":{"start":{"line":25,"column":32},"end":{"line":25,"column":33}},"loc":{"start":{"line":25,"column":57},"end":{"line":34,"column":1}},"line":25},"2":{"name":"(anonymous_2)","decl":{"start":{"line":36,"column":27},"end":{"line":36,"column":28}},"loc":{"start":{"line":36,"column":39},"end":{"line":43,"column":1}},"line":36},"3":{"name":"(anonymous_3)","decl":{"start":{"line":45,"column":33},"end":{"line":45,"column":34}},"loc":{"start":{"line":45,"column":58},"end":{"line":52,"column":1}},"line":45},"4":{"name":"(anonymous_4)","decl":{"start":{"line":54,"column":32},"end":{"line":54,"column":33}},"loc":{"start":{"line":58,"column":5},"end":{"line":69,"column":1}},"line":58},"5":{"name":"(anonymous_5)","decl":{"start":{"line":71,"column":24},"end":{"line":71,"column":25}},"loc":{"start":{"line":71,"column":67},"end":{"line":78,"column":1}},"line":71},"6":{"name":"(anonymous_6)","decl":{"start":{"line":80,"column":27},"end":{"line":80,"column":28}},"loc":{"start":{"line":84,"column":5},"end":{"line":95,"column":1}},"line":84}},"branchMap":{"0":{"loc":{"start":{"line":18,"column":2},"end":{"line":20,"column":3}},"type":"if","locations":[{"start":{"line":18,"column":2},"end":{"line":20,"column":3}},{"start":{},"end":{}}],"line":18},"1":{"loc":{"start":{"line":29,"column":2},"end":{"line":31,"column":3}},"type":"if","locations":[{"start":{"line":29,"column":2},"end":{"line":31,"column":3}},{"start":{},"end":{}}],"line":29},"2":{"loc":{"start":{"line":38,"column":2},"end":{"line":40,"column":3}},"type":"if","locations":[{"start":{"line":38,"column":2},"end":{"line":40,"column":3}},{"start":{},"end":{}}],"line":38},"3":{"loc":{"start":{"line":47,"column":2},"end":{"line":49,"column":3}},"type":"if","locations":[{"start":{"line":47,"column":2},"end":{"line":49,"column":3}},{"start":{},"end":{}}],"line":47},"4":{"loc":{"start":{"line":64,"column":2},"end":{"line":66,"column":3}},"type":"if","locations":[{"start":{"line":64,"column":2},"end":{"line":66,"column":3}},{"start":{},"end":{}}],"line":64},"5":{"loc":{"start":{"line":73,"column":2},"end":{"line":75,"column":3}},"type":"if","locations":[{"start":{"line":73,"column":2},"end":{"line":75,"column":3}},{"start":{},"end":{}}],"line":73},"6":{"loc":{"start":{"line":90,"column":2},"end":{"line":92,"column":3}},"type":"if","locations":[{"start":{"line":90,"column":2},"end":{"line":92,"column":3}},{"start":{},"end":{}}],"line":90}},"s":{"0":6,"1":6,"2":6,"3":4,"4":4,"5":1,"6":3,"7":3,"8":6,"9":7,"10":7,"11":1,"12":6,"13":6,"14":6,"15":4,"16":4,"17":1,"18":3,"19":3,"20":6,"21":3,"22":3,"23":1,"24":2,"25":2,"26":6,"27":4,"28":4,"29":1,"30":3,"31":3,"32":6,"33":4,"34":4,"35":1,"36":3,"37":3,"38":6,"39":4,"40":4,"41":1,"42":3,"43":3},"f":{"0":4,"1":7,"2":4,"3":3,"4":4,"5":4,"6":4},"b":{"0":[1,3],"1":[1,6],"2":[1,3],"3":[1,2],"4":[1,3],"5":[1,3],"6":[1,3]},"_coverageSchema":"1a1c01bbd47fc00a2c39e90264f33305004495a9","hash":"6e697e608af466d1c62bd7f41e033f1f6bcc93fe"}
,"C:\\Users\\Poly\\Projects\\LoginAPI\\Front\\src\\components\\App\\App.tsx": {"path":"C:\\Users\\Poly\\Projects\\LoginAPI\\Front\\src\\components\\App\\App.tsx","statementMap":{"0":{"start":{"line":4,"column":19},"end":{"line":17,"column":1}},"1":{"start":{"line":5,"column":2},"end":{"line":16,"column":4}}},"fnMap":{"0":{"name":"(anonymous_0)","decl":{"start":{"line":4,"column":19},"end":{"line":4,"column":20}},"loc":{"start":{"line":4,"column":25},"end":{"line":17,"column":1}},"line":4}},"branchMap":{},"s":{"0":1,"1":1},"f":{"0":1},"b":{},"_coverageSchema":"1a1c01bbd47fc00a2c39e90264f33305004495a9","hash":"175d94ffd3f4bef6b6886d5775fd4d391d9c535a"}
,"C:\\Users\\Poly\\Projects\\LoginAPI\\Front\\src\\components\\App\\index.ts": {"path":"C:\\Users\\Poly\\Projects\\LoginAPI\\Front\\src\\components\\App\\index.ts","statementMap":{},"fnMap":{},"branchMap":{},"s":{},"f":{},"b":{},"_coverageSchema":"1a1c01bbd47fc00a2c39e90264f33305004495a9","hash":"3c995ed5f60179a651122d3c912a9fbde819e738"}
,"C:\\Users\\Poly\\Projects\\LoginAPI\\Front\\src\\components\\Button\\Button.tsx": {"path":"C:\\Users\\Poly\\Projects\\LoginAPI\\Front\\src\\components\\Button\\Button.tsx","statementMap":{"0":{"start":{"line":15,"column":39},"end":{"line":33,"column":1}},"1":{"start":{"line":22,"column":23},"end":{"line":22,"column":28}},"2":{"start":{"line":24,"column":2},"end":{"line":32,"column":4}}},"fnMap":{"0":{"name":"(anonymous_0)","decl":{"start":{"line":15,"column":39},"end":{"line":15,"column":40}},"loc":{"start":{"line":21,"column":6},"end":{"line":33,"column":1}},"line":21}},"branchMap":{"0":{"loc":{"start":{"line":17,"column":2},"end":{"line":17,"column":17}},"type":"default-arg","locations":[{"start":{"line":17,"column":9},"end":{"line":17,"column":17}}],"line":17},"1":{"loc":{"start":{"line":18,"column":2},"end":{"line":18,"column":14}},"type":"default-arg","locations":[{"start":{"line":18,"column":12},"end":{"line":18,"column":14}}],"line":18},"2":{"loc":{"start":{"line":19,"column":2},"end":{"line":19,"column":29}},"type":"default-arg","locations":[{"start":{"line":19,"column":21},"end":{"line":19,"column":29}}],"line":19}},"s":{"0":7,"1":260,"2":260},"f":{"0":260},"b":{"0":[3],"1":[260],"2":[260]},"_coverageSchema":"1a1c01bbd47fc00a2c39e90264f33305004495a9","hash":"977c8284cbd5bc961e54806d51a78b08f8139588"}
,"C:\\Users\\Poly\\Projects\\LoginAPI\\Front\\src\\components\\Button\\index.ts": {"path":"C:\\Users\\Poly\\Projects\\LoginAPI\\Front\\src\\components\\Button\\index.ts","statementMap":{},"fnMap":{},"branchMap":{},"s":{},"f":{},"b":{},"_coverageSchema":"1a1c01bbd47fc00a2c39e90264f33305004495a9","hash":"b592cf7a51bd1482d1f9ea04511e374bcc8c07e5"}
,"C:\\Users\\Poly\\Projects\\LoginAPI\\Front\\src\\components\\TabsUI\\Tabs.tsx": {"path":"C:\\Users\\Poly\\Projects\\LoginAPI\\Front\\src\\components\\TabsUI\\Tabs.tsx","statementMap":{"0":{"start":{"line":13,"column":35},"end":{"line":50,"column":1}},"1":{"start":{"line":14,"column":37},"end":{"line":14,"column":70}},"2":{"start":{"line":15,"column":2},"end":{"line":49,"column":4}},"3":{"start":{"line":26,"column":10},"end":{"line":38,"column":16}},"4":{"start":{"line":34,"column":29},"end":{"line":34,"column":59}},"5":{"start":{"line":42,"column":8},"end":{"line":46,"column":16}}},"fnMap":{"0":{"name":"(anonymous_0)","decl":{"start":{"line":13,"column":35},"end":{"line":13,"column":36}},"loc":{"start":{"line":13,"column":79},"end":{"line":50,"column":1}},"line":13},"1":{"name":"(anonymous_1)","decl":{"start":{"line":25,"column":38},"end":{"line":25,"column":39}},"loc":{"start":{"line":26,"column":10},"end":{"line":38,"column":16}},"line":26},"2":{"name":"(anonymous_2)","decl":{"start":{"line":34,"column":23},"end":{"line":34,"column":24}},"loc":{"start":{"line":34,"column":29},"end":{"line":34,"column":59}},"line":34},"3":{"name":"(anonymous_3)","decl":{"start":{"line":41,"column":36},"end":{"line":41,"column":37}},"loc":{"start":{"line":42,"column":8},"end":{"line":46,"column":16}},"line":42}},"branchMap":{"0":{"loc":{"start":{"line":13,"column":38},"end":{"line":13,"column":51}},"type":"default-arg","locations":[{"start":{"line":13,"column":45},"end":{"line":13,"column":51}}],"line":13},"1":{"loc":{"start":{"line":19,"column":30},"end":{"line":19,"column":68}},"type":"cond-expr","locations":[{"start":{"line":19,"column":52},"end":{"line":19,"column":60}},{"start":{"line":19,"column":63},"end":{"line":19,"column":68}}],"line":19},"2":{"loc":{"start":{"line":23,"column":32},"end":{"line":23,"column":70}},"type":"cond-expr","locations":[{"start":{"line":23,"column":54},"end":{"line":23,"column":59}},{"start":{"line":23,"column":62},"end":{"line":23,"column":70}}],"line":23},"3":{"loc":{"start":{"line":42,"column":8},"end":{"line":46,"column":16}},"type":"cond-expr","locations":[{"start":{"line":43,"column":10},"end":{"line":45,"column":16}},{"start":{"line":46,"column":12},"end":{"line":46,"column":16}}],"line":42}},"s":{"0":3,"1":44,"2":44,"3":88,"4":5,"5":88},"f":{"0":44,"1":88,"2":5,"3":88},"b":{"0":[44],"1":[43,1],"2":[43,1],"3":[44,44]},"_coverageSchema":"1a1c01bbd47fc00a2c39e90264f33305004495a9","hash":"f30a6ab66b4c31eae7adbe726e54ad9f20f2a653"}
,"C:\\Users\\Poly\\Projects\\LoginAPI\\Front\\src\\components\\TabsUI\\index.ts": {"path":"C:\\Users\\Poly\\Projects\\LoginAPI\\Front\\src\\components\\TabsUI\\index.ts","statementMap":{},"fnMap":{},"branchMap":{},"s":{},"f":{},"b":{},"_coverageSchema":"1a1c01bbd47fc00a2c39e90264f33305004495a9","hash":"124f839baada6ddaad29d053331a74fe9368b40d"}
,"C:\\Users\\Poly\\Projects\\LoginAPI\\Front\\src\\components\\TabsUI\\Tab\\Tab.tsx": {"path":"C:\\Users\\Poly\\Projects\\LoginAPI\\Front\\src\\components\\TabsUI\\Tab\\Tab.tsx","statementMap":{"0":{"start":{"line":9,"column":33},"end":{"line":15,"column":1}},"1":{"start":{"line":10,"column":2},"end":{"line":14,"column":4}}},"fnMap":{"0":{"name":"(anonymous_0)","decl":{"start":{"line":9,"column":33},"end":{"line":9,"column":34}},"loc":{"start":{"line":9,"column":68},"end":{"line":15,"column":1}},"line":9}},"branchMap":{"0":{"loc":{"start":{"line":9,"column":46},"end":{"line":9,"column":61}},"type":"default-arg","locations":[{"start":{"line":9,"column":53},"end":{"line":9,"column":61}}],"line":9}},"s":{"0":4,"1":45},"f":{"0":45},"b":{"0":[1]},"_coverageSchema":"1a1c01bbd47fc00a2c39e90264f33305004495a9","hash":"a805ae9ddc8e08d689960356f95f8784e2275b45"}
,"C:\\Users\\Poly\\Projects\\LoginAPI\\Front\\src\\components\\TabsUI\\Tab\\index.ts": {"path":"C:\\Users\\Poly\\Projects\\LoginAPI\\Front\\src\\components\\TabsUI\\Tab\\index.ts","statementMap":{},"fnMap":{},"branchMap":{},"s":{},"f":{},"b":{},"_coverageSchema":"1a1c01bbd47fc00a2c39e90264f33305004495a9","hash":"28887bf9c603ba4ef418f773f203cc02eef35a1c"}
,"C:\\Users\\Poly\\Projects\\LoginAPI\\Front\\src\\components\\TextInput\\TextInput.tsx": {"path":"C:\\Users\\Poly\\Projects\\LoginAPI\\Front\\src\\components\\TextInput\\TextInput.tsx","statementMap":{"0":{"start":{"line":19,"column":45},"end":{"line":82,"column":1}},"1":{"start":{"line":27,"column":26},"end":{"line":27,"column":46}},"2":{"start":{"line":28,"column":19},"end":{"line":32,"column":3}},"3":{"start":{"line":29,"column":4},"end":{"line":31,"column":5}},"4":{"start":{"line":30,"column":6},"end":{"line":30,"column":45}},"5":{"start":{"line":33,"column":26},"end":{"line":35,"column":3}},"6":{"start":{"line":34,"column":4},"end":{"line":34,"column":55}},"7":{"start":{"line":37,"column":2},"end":{"line":81,"column":4}}},"fnMap":{"0":{"name":"(anonymous_0)","decl":{"start":{"line":19,"column":45},"end":{"line":19,"column":46}},"loc":{"start":{"line":26,"column":6},"end":{"line":82,"column":1}},"line":26},"1":{"name":"(anonymous_1)","decl":{"start":{"line":28,"column":19},"end":{"line":28,"column":20}},"loc":{"start":{"line":28,"column":35},"end":{"line":32,"column":3}},"line":28},"2":{"name":"(anonymous_2)","decl":{"start":{"line":33,"column":26},"end":{"line":33,"column":27}},"loc":{"start":{"line":33,"column":32},"end":{"line":35,"column":3}},"line":33}},"branchMap":{"0":{"loc":{"start":{"line":20,"column":2},"end":{"line":20,"column":20}},"type":"default-arg","locations":[{"start":{"line":20,"column":9},"end":{"line":20,"column":20}}],"line":20},"1":{"loc":{"start":{"line":29,"column":4},"end":{"line":31,"column":5}},"type":"if","locations":[{"start":{"line":29,"column":4},"end":{"line":31,"column":5}},{"start":{},"end":{}}],"line":29},"2":{"loc":{"start":{"line":34,"column":12},"end":{"line":34,"column":53}},"type":"cond-expr","locations":[{"start":{"line":34,"column":34},"end":{"line":34,"column":40}},{"start":{"line":34,"column":43},"end":{"line":34,"column":53}}],"line":34},"3":{"loc":{"start":{"line":43,"column":9},"end":{"line":47,"column":9}},"type":"cond-expr","locations":[{"start":{"line":44,"column":10},"end":{"line":44,"column":80}},{"start":{"line":46,"column":10},"end":{"line":46,"column":14}}],"line":43},"4":{"loc":{"start":{"line":49,"column":9},"end":{"line":71,"column":9}},"type":"binary-expr","locations":[{"start":{"line":49,"column":9},"end":{"line":49,"column":34}},{"start":{"line":50,"column":10},"end":{"line":70,"column":19}}],"line":49},"5":{"loc":{"start":{"line":55,"column":13},"end":{"line":69,"column":13}},"type":"cond-expr","locations":[{"start":{"line":56,"column":14},"end":{"line":61,"column":16}},{"start":{"line":63,"column":14},"end":{"line":68,"column":16}}],"line":55},"6":{"loc":{"start":{"line":76,"column":26},"end":{"line":76,"column":41}},"type":"cond-expr","locations":[{"start":{"line":76,"column":36},"end":{"line":76,"column":37}},{"start":{"line":76,"column":40},"end":{"line":76,"column":41}}],"line":76}},"s":{"0":4,"1":131,"2":131,"3":28,"4":26,"5":131,"6":2,"7":131},"f":{"0":131,"1":28,"2":2},"b":{"0":[8],"1":[26,2],"2":[1,1],"3":[87,44],"4":[131,87],"5":[86,1],"6":[1,130]},"_coverageSchema":"1a1c01bbd47fc00a2c39e90264f33305004495a9","hash":"1dca82dab2ceff0070583cc5fc46d5880406a6fc"}
,"C:\\Users\\Poly\\Projects\\LoginAPI\\Front\\src\\components\\TextInput\\index.ts": {"path":"C:\\Users\\Poly\\Projects\\LoginAPI\\Front\\src\\components\\TextInput\\index.ts","statementMap":{},"fnMap":{},"branchMap":{},"s":{},"f":{},"b":{},"_coverageSchema":"1a1c01bbd47fc00a2c39e90264f33305004495a9","hash":"1ba8a3533c812526f0f19336a81a3ff9bfe80542"}
,"C:\\Users\\Poly\\Projects\\LoginAPI\\Front\\src\\components\\Tooltip\\Tooltip.tsx": {"path":"C:\\Users\\Poly\\Projects\\LoginAPI\\Front\\src\\components\\Tooltip\\Tooltip.tsx","statementMap":{"0":{"start":{"line":10,"column":41},"end":{"line":35,"column":1}},"1":{"start":{"line":16,"column":26},"end":{"line":16,"column":41}},"2":{"start":{"line":18,"column":2},"end":{"line":34,"column":4}},"3":{"start":{"line":22,"column":26},"end":{"line":22,"column":39}},"4":{"start":{"line":23,"column":26},"end":{"line":23,"column":40}}},"fnMap":{"0":{"name":"(anonymous_0)","decl":{"start":{"line":10,"column":41},"end":{"line":10,"column":42}},"loc":{"start":{"line":15,"column":6},"end":{"line":35,"column":1}},"line":15},"1":{"name":"(anonymous_1)","decl":{"start":{"line":22,"column":20},"end":{"line":22,"column":21}},"loc":{"start":{"line":22,"column":26},"end":{"line":22,"column":39}},"line":22},"2":{"name":"(anonymous_2)","decl":{"start":{"line":23,"column":20},"end":{"line":23,"column":21}},"loc":{"start":{"line":23,"column":26},"end":{"line":23,"column":40}},"line":23}},"branchMap":{"0":{"loc":{"start":{"line":11,"column":2},"end":{"line":11,"column":18}},"type":"default-arg","locations":[{"start":{"line":11,"column":9},"end":{"line":11,"column":18}}],"line":11},"1":{"loc":{"start":{"line":28,"column":26},"end":{"line":28,"column":48}},"type":"cond-expr","locations":[{"start":{"line":28,"column":43},"end":{"line":28,"column":44}},{"start":{"line":28,"column":47},"end":{"line":28,"column":48}}],"line":28},"2":{"loc":{"start":{"line":28,"column":26},"end":{"line":28,"column":40}},"type":"binary-expr","locations":[{"start":{"line":28,"column":26},"end":{"line":28,"column":30}},{"start":{"line":28,"column":34},"end":{"line":28,"column":40}}],"line":28}},"s":{"0":8,"1":265,"2":265,"3":1,"4":1},"f":{"0":265,"1":1,"2":1},"b":{"0":[265],"1":[1,264],"2":[265,1]},"_coverageSchema":"1a1c01bbd47fc00a2c39e90264f33305004495a9","hash":"9493ef012e58763fa1d70cd0a4529445c71306a4"}
,"C:\\Users\\Poly\\Projects\\LoginAPI\\Front\\src\\components\\Tooltip\\index.ts": {"path":"C:\\Users\\Poly\\Projects\\LoginAPI\\Front\\src\\components\\Tooltip\\index.ts","statementMap":{},"fnMap":{},"branchMap":{},"s":{},"f":{},"b":{},"_coverageSchema":"1a1c01bbd47fc00a2c39e90264f33305004495a9","hash":"276a6da36bc08772c127b8cabd188193c47d6a6b"}
,"C:\\Users\\Poly\\Projects\\LoginAPI\\Front\\src\\pages\\index.ts": {"path":"C:\\Users\\Poly\\Projects\\LoginAPI\\Front\\src\\pages\\index.ts","statementMap":{},"fnMap":{},"branchMap":{},"s":{},"f":{},"b":{},"_coverageSchema":"1a1c01bbd47fc00a2c39e90264f33305004495a9","hash":"2755c9ce5c527dd66f9ab57d7e54995a3bcf2bf2"}
,"C:\\Users\\Poly\\Projects\\LoginAPI\\Front\\src\\pages\\Home\\Home.tsx": {"path":"C:\\Users\\Poly\\Projects\\LoginAPI\\Front\\src\\pages\\Home\\Home.tsx","statementMap":{"0":{"start":{"line":5,"column":20},"end":{"line":29,"column":1}},"1":{"start":{"line":6,"column":34},"end":{"line":6,"column":57}},"2":{"start":{"line":7,"column":19},"end":{"line":7,"column":32}},"3":{"start":{"line":9,"column":2},"end":{"line":20,"column":9}},"4":{"start":{"line":10,"column":21},"end":{"line":18,"column":5}},"5":{"start":{"line":11,"column":19},"end":{"line":11,"column":38}},"6":{"start":{"line":12,"column":6},"end":{"line":15,"column":7}},"7":{"start":{"line":13,"column":8},"end":{"line":13,"column":22}},"8":{"start":{"line":14,"column":8},"end":{"line":14,"column":15}},"9":{"start":{"line":16,"column":24},"end":{"line":16,"column":28}},"10":{"start":{"line":17,"column":6},"end":{"line":17,"column":42}},"11":{"start":{"line":19,"column":4},"end":{"line":19,"column":15}},"12":{"start":{"line":22,"column":2},"end":{"line":28,"column":4}}},"fnMap":{"0":{"name":"(anonymous_0)","decl":{"start":{"line":5,"column":20},"end":{"line":5,"column":21}},"loc":{"start":{"line":5,"column":26},"end":{"line":29,"column":1}},"line":5},"1":{"name":"(anonymous_1)","decl":{"start":{"line":9,"column":12},"end":{"line":9,"column":13}},"loc":{"start":{"line":9,"column":18},"end":{"line":20,"column":3}},"line":9},"2":{"name":"(anonymous_2)","decl":{"start":{"line":10,"column":21},"end":{"line":10,"column":22}},"loc":{"start":{"line":10,"column":33},"end":{"line":18,"column":5}},"line":10}},"branchMap":{"0":{"loc":{"start":{"line":12,"column":6},"end":{"line":15,"column":7}},"type":"if","locations":[{"start":{"line":12,"column":6},"end":{"line":15,"column":7}},{"start":{},"end":{}}],"line":12}},"s":{"0":2,"1":3,"2":2,"3":2,"4":2,"5":2,"6":2,"7":1,"8":1,"9":1,"10":1,"11":2,"12":2},"f":{"0":3,"1":2,"2":2},"b":{"0":[1,1]},"_coverageSchema":"1a1c01bbd47fc00a2c39e90264f33305004495a9","hash":"c55df3c7cdeb6338d0235544fb13e80324984160"}
,"C:\\Users\\Poly\\Projects\\LoginAPI\\Front\\src\\pages\\Home\\index.ts": {"path":"C:\\Users\\Poly\\Projects\\LoginAPI\\Front\\src\\pages\\Home\\index.ts","statementMap":{},"fnMap":{},"branchMap":{},"s":{},"f":{},"b":{},"_coverageSchema":"1a1c01bbd47fc00a2c39e90264f33305004495a9","hash":"304cc20ce08e42ab05ed494e9f2ed894601d49be"}
,"C:\\Users\\Poly\\Projects\\LoginAPI\\Front\\src\\pages\\Login\\Login.tsx": {"path":"C:\\Users\\Poly\\Projects\\LoginAPI\\Front\\src\\pages\\Login\\Login.tsx","statementMap":{"0":{"start":{"line":18,"column":21},"end":{"line":214,"column":1}},"1":{"start":{"line":19,"column":30},"end":{"line":22,"column":4}},"2":{"start":{"line":23,"column":28},"end":{"line":34,"column":4}},"3":{"start":{"line":36,"column":19},"end":{"line":36,"column":32}},"4":{"start":{"line":38,"column":28},"end":{"line":44,"column":3}},"5":{"start":{"line":42,"column":4},"end":{"line":42,"column":43}},"6":{"start":{"line":43,"column":4},"end":{"line":43,"column":69}},"7":{"start":{"line":46,"column":31},"end":{"line":52,"column":3}},"8":{"start":{"line":50,"column":4},"end":{"line":50,"column":43}},"9":{"start":{"line":51,"column":4},"end":{"line":51,"column":75}},"10":{"start":{"line":54,"column":22},"end":{"line":73,"column":3}},"11":{"start":{"line":55,"column":22},"end":{"line":55,"column":55}},"12":{"start":{"line":56,"column":4},"end":{"line":63,"column":5}},"13":{"start":{"line":57,"column":26},"end":{"line":57,"column":31}},"14":{"start":{"line":58,"column":6},"end":{"line":61,"column":9}},"15":{"start":{"line":62,"column":6},"end":{"line":62,"column":13}},"16":{"start":{"line":64,"column":22},"end":{"line":64,"column":27}},"17":{"start":{"line":65,"column":32},"end":{"line":65,"column":37}},"18":{"start":{"line":66,"column":17},"end":{"line":66,"column":48}},"19":{"start":{"line":67,"column":4},"end":{"line":71,"column":5}},"20":{"start":{"line":68,"column":36},"end":{"line":68,"column":40}},"21":{"start":{"line":69,"column":6},"end":{"line":69,"column":50}},"22":{"start":{"line":70,"column":6},"end":{"line":70,"column":13}},"23":{"start":{"line":72,"column":4},"end":{"line":72,"column":22}},"24":{"start":{"line":75,"column":25},"end":{"line":91,"column":3}},"25":{"start":{"line":76,"column":22},"end":{"line":76,"column":61}},"26":{"start":{"line":77,"column":4},"end":{"line":84,"column":5}},"27":{"start":{"line":78,"column":26},"end":{"line":78,"column":31}},"28":{"start":{"line":79,"column":6},"end":{"line":82,"column":9}},"29":{"start":{"line":83,"column":6},"end":{"line":83,"column":13}},"30":{"start":{"line":85,"column":25},"end":{"line":85,"column":30}},"31":{"start":{"line":86,"column":48},"end":{"line":86,"column":56}},"32":{"start":{"line":87,"column":19},"end":{"line":87,"column":69}},"33":{"start":{"line":88,"column":4},"end":{"line":90,"column":5}},"34":{"start":{"line":89,"column":6},"end":{"line":89,"column":47}},"35":{"start":{"line":93,"column":31},"end":{"line":110,"column":3}},"36":{"start":{"line":94,"column":22},"end":{"line":96,"column":6}},"37":{"start":{"line":97,"column":4},"end":{"line":104,"column":5}},"38":{"start":{"line":98,"column":26},"end":{"line":98,"column":31}},"39":{"start":{"line":99,"column":6},"end":{"line":102,"column":9}},"40":{"start":{"line":103,"column":6},"end":{"line":103,"column":13}},"41":{"start":{"line":105,"column":4},"end":{"line":105,"column":47}},"42":{"start":{"line":106,"column":4},"end":{"line":109,"column":7}},"43":{"start":{"line":112,"column":2},"end":{"line":213,"column":4}}},"fnMap":{"0":{"name":"(anonymous_0)","decl":{"start":{"line":18,"column":21},"end":{"line":18,"column":22}},"loc":{"start":{"line":18,"column":27},"end":{"line":214,"column":1}},"line":18},"1":{"name":"(anonymous_1)","decl":{"start":{"line":38,"column":28},"end":{"line":38,"column":29}},"loc":{"start":{"line":41,"column":7},"end":{"line":44,"column":3}},"line":41},"2":{"name":"(anonymous_2)","decl":{"start":{"line":46,"column":31},"end":{"line":46,"column":32}},"loc":{"start":{"line":49,"column":7},"end":{"line":52,"column":3}},"line":49},"3":{"name":"(anonymous_3)","decl":{"start":{"line":54,"column":22},"end":{"line":54,"column":23}},"loc":{"start":{"line":54,"column":34},"end":{"line":73,"column":3}},"line":54},"4":{"name":"(anonymous_4)","decl":{"start":{"line":75,"column":25},"end":{"line":75,"column":26}},"loc":{"start":{"line":75,"column":37},"end":{"line":91,"column":3}},"line":75},"5":{"name":"(anonymous_5)","decl":{"start":{"line":93,"column":31},"end":{"line":93,"column":32}},"loc":{"start":{"line":93,"column":43},"end":{"line":110,"column":3}},"line":93}},"branchMap":{"0":{"loc":{"start":{"line":56,"column":4},"end":{"line":63,"column":5}},"type":"if","locations":[{"start":{"line":56,"column":4},"end":{"line":63,"column":5}},{"start":{},"end":{}}],"line":56},"1":{"loc":{"start":{"line":67,"column":4},"end":{"line":71,"column":5}},"type":"if","locations":[{"start":{"line":67,"column":4},"end":{"line":71,"column":5}},{"start":{},"end":{}}],"line":67},"2":{"loc":{"start":{"line":77,"column":4},"end":{"line":84,"column":5}},"type":"if","locations":[{"start":{"line":77,"column":4},"end":{"line":84,"column":5}},{"start":{},"end":{}}],"line":77},"3":{"loc":{"start":{"line":88,"column":4},"end":{"line":90,"column":5}},"type":"if","locations":[{"start":{"line":88,"column":4},"end":{"line":90,"column":5}},{"start":{},"end":{}}],"line":88},"4":{"loc":{"start":{"line":97,"column":4},"end":{"line":104,"column":5}},"type":"if","locations":[{"start":{"line":97,"column":4},"end":{"line":104,"column":5}},{"start":{},"end":{}}],"line":97},"5":{"loc":{"start":{"line":155,"column":13},"end":{"line":208,"column":13}},"type":"cond-expr","locations":[{"start":{"line":156,"column":14},"end":{"line":193,"column":20}},{"start":{"line":195,"column":14},"end":{"line":207,"column":20}}],"line":155}},"s":{"0":2,"1":37,"2":36,"3":36,"4":36,"5":9,"6":9,"7":36,"8":10,"9":10,"10":36,"11":3,"12":3,"13":1,"14":1,"15":1,"16":2,"17":2,"18":2,"19":2,"20":1,"21":1,"22":1,"23":1,"24":36,"25":3,"26":3,"27":1,"28":1,"29":1,"30":2,"31":2,"32":2,"33":2,"34":1,"35":36,"36":2,"37":2,"38":1,"39":1,"40":1,"41":1,"42":1,"43":36},"f":{"0":37,"1":9,"2":10,"3":3,"4":3,"5":2},"b":{"0":[1,2],"1":[1,1],"2":[1,2],"3":[1,1],"4":[1,1],"5":[35,1]},"_coverageSchema":"1a1c01bbd47fc00a2c39e90264f33305004495a9","hash":"618fb667b6df88b3aa55e2262ed6fb83ecd7baed"}
,"C:\\Users\\Poly\\Projects\\LoginAPI\\Front\\src\\pages\\Login\\index.ts": {"path":"C:\\Users\\Poly\\Projects\\LoginAPI\\Front\\src\\pages\\Login\\index.ts","statementMap":{},"fnMap":{},"branchMap":{},"s":{},"f":{},"b":{},"_coverageSchema":"1a1c01bbd47fc00a2c39e90264f33305004495a9","hash":"edc6fd3c88f6894828520382f4500b8586655103"}
,"C:\\Users\\Poly\\Projects\\LoginAPI\\Front\\src\\pages\\ResetPassword\\ResetPassword.tsx": {"path":"C:\\Users\\Poly\\Projects\\LoginAPI\\Front\\src\\pages\\ResetPassword\\ResetPassword.tsx","statementMap":{"0":{"start":{"line":10,"column":29},"end":{"line":122,"column":1}},"1":{"start":{"line":11,"column":28},"end":{"line":16,"column":4}},"2":{"start":{"line":17,"column":20},"end":{"line":17,"column":31}},"3":{"start":{"line":18,"column":34},"end":{"line":18,"column":57}},"4":{"start":{"line":19,"column":19},"end":{"line":19,"column":32}},"5":{"start":{"line":21,"column":2},"end":{"line":36,"column":9}},"6":{"start":{"line":22,"column":21},"end":{"line":34,"column":5}},"7":{"start":{"line":23,"column":6},"end":{"line":26,"column":7}},"8":{"start":{"line":24,"column":8},"end":{"line":24,"column":22}},"9":{"start":{"line":25,"column":8},"end":{"line":25,"column":15}},"10":{"start":{"line":27,"column":19},"end":{"line":27,"column":48}},"11":{"start":{"line":28,"column":6},"end":{"line":31,"column":7}},"12":{"start":{"line":29,"column":8},"end":{"line":29,"column":22}},"13":{"start":{"line":30,"column":8},"end":{"line":30,"column":15}},"14":{"start":{"line":32,"column":24},"end":{"line":32,"column":28}},"15":{"start":{"line":33,"column":6},"end":{"line":33,"column":42}},"16":{"start":{"line":35,"column":4},"end":{"line":35,"column":15}},"17":{"start":{"line":38,"column":23},"end":{"line":43,"column":3}},"18":{"start":{"line":42,"column":4},"end":{"line":42,"column":53}},"19":{"start":{"line":44,"column":22},"end":{"line":70,"column":3}},"20":{"start":{"line":45,"column":4},"end":{"line":47,"column":5}},"21":{"start":{"line":46,"column":6},"end":{"line":46,"column":13}},"22":{"start":{"line":48,"column":22},"end":{"line":51,"column":6}},"23":{"start":{"line":52,"column":4},"end":{"line":59,"column":5}},"24":{"start":{"line":53,"column":26},"end":{"line":53,"column":31}},"25":{"start":{"line":54,"column":6},"end":{"line":57,"column":9}},"26":{"start":{"line":58,"column":6},"end":{"line":58,"column":13}},"27":{"start":{"line":60,"column":19},"end":{"line":64,"column":5}},"28":{"start":{"line":65,"column":4},"end":{"line":67,"column":5}},"29":{"start":{"line":66,"column":6},"end":{"line":66,"column":56}},"30":{"start":{"line":69,"column":4},"end":{"line":69,"column":44}},"31":{"start":{"line":72,"column":22},"end":{"line":75,"column":3}},"32":{"start":{"line":73,"column":4},"end":{"line":73,"column":80}},"33":{"start":{"line":74,"column":4},"end":{"line":74,"column":18}},"34":{"start":{"line":76,"column":2},"end":{"line":121,"column":4}}},"fnMap":{"0":{"name":"(anonymous_0)","decl":{"start":{"line":10,"column":29},"end":{"line":10,"column":30}},"loc":{"start":{"line":10,"column":35},"end":{"line":122,"column":1}},"line":10},"1":{"name":"(anonymous_1)","decl":{"start":{"line":21,"column":12},"end":{"line":21,"column":13}},"loc":{"start":{"line":21,"column":18},"end":{"line":36,"column":3}},"line":21},"2":{"name":"(anonymous_2)","decl":{"start":{"line":22,"column":21},"end":{"line":22,"column":22}},"loc":{"start":{"line":22,"column":33},"end":{"line":34,"column":5}},"line":22},"3":{"name":"(anonymous_3)","decl":{"start":{"line":38,"column":23},"end":{"line":38,"column":24}},"loc":{"start":{"line":41,"column":7},"end":{"line":43,"column":3}},"line":41},"4":{"name":"(anonymous_4)","decl":{"start":{"line":44,"column":22},"end":{"line":44,"column":23}},"loc":{"start":{"line":44,"column":34},"end":{"line":70,"column":3}},"line":44},"5":{"name":"(anonymous_5)","decl":{"start":{"line":72,"column":22},"end":{"line":72,"column":23}},"loc":{"start":{"line":72,"column":28},"end":{"line":75,"column":3}},"line":72}},"branchMap":{"0":{"loc":{"start":{"line":23,"column":6},"end":{"line":26,"column":7}},"type":"if","locations":[{"start":{"line":23,"column":6},"end":{"line":26,"column":7}},{"start":{},"end":{}}],"line":23},"1":{"loc":{"start":{"line":28,"column":6},"end":{"line":31,"column":7}},"type":"if","locations":[{"start":{"line":28,"column":6},"end":{"line":31,"column":7}},{"start":{},"end":{}}],"line":28},"2":{"loc":{"start":{"line":45,"column":4},"end":{"line":47,"column":5}},"type":"if","locations":[{"start":{"line":45,"column":4},"end":{"line":47,"column":5}},{"start":{},"end":{}}],"line":45},"3":{"loc":{"start":{"line":52,"column":4},"end":{"line":59,"column":5}},"type":"if","locations":[{"start":{"line":52,"column":4},"end":{"line":59,"column":5}},{"start":{},"end":{}}],"line":52},"4":{"loc":{"start":{"line":65,"column":4},"end":{"line":67,"column":5}},"type":"if","locations":[{"start":{"line":65,"column":4},"end":{"line":67,"column":5}},{"start":{},"end":{}}],"line":65},"5":{"loc":{"start":{"line":86,"column":9},"end":{"line":118,"column":9}},"type":"cond-expr","locations":[{"start":{"line":87,"column":10},"end":{"line":108,"column":13}},{"start":{"line":110,"column":10},"end":{"line":117,"column":13}}],"line":86}},"s":{"0":2,"1":17,"2":16,"3":16,"4":16,"5":16,"6":6,"7":6,"8":1,"9":1,"10":5,"11":5,"12":1,"13":1,"14":4,"15":4,"16":6,"17":16,"18":6,"19":16,"20":5,"21":1,"22":4,"23":4,"24":2,"25":2,"26":2,"27":2,"28":2,"29":1,"30":2,"31":16,"32":1,"33":1,"34":16},"f":{"0":17,"1":6,"2":6,"3":6,"4":5,"5":1},"b":{"0":[1,5],"1":[1,4],"2":[1,4],"3":[2,2],"4":[1,1],"5":[15,1]},"_coverageSchema":"1a1c01bbd47fc00a2c39e90264f33305004495a9","hash":"4656e4eca6f6997b04ac2269343dd50109bfc2be"}
,"C:\\Users\\Poly\\Projects\\LoginAPI\\Front\\src\\pages\\ResetPassword\\index.ts": {"path":"C:\\Users\\Poly\\Projects\\LoginAPI\\Front\\src\\pages\\ResetPassword\\index.ts","statementMap":{},"fnMap":{},"branchMap":{},"s":{},"f":{},"b":{},"_coverageSchema":"1a1c01bbd47fc00a2c39e90264f33305004495a9","hash":"94fb17c97c5605db9b2863d2ece90f7a232c144f"}
,"C:\\Users\\Poly\\Projects\\LoginAPI\\Front\\src\\pages\\Verified\\Verified.tsx": {"path":"C:\\Users\\Poly\\Projects\\LoginAPI\\Front\\src\\pages\\Verified\\Verified.tsx","statementMap":{"0":{"start":{"line":6,"column":24},"end":{"line":42,"column":1}},"1":{"start":{"line":7,"column":20},"end":{"line":7,"column":31}},"2":{"start":{"line":8,"column":34},"end":{"line":8,"column":57}},"3":{"start":{"line":9,"column":19},"end":{"line":9,"column":32}},"4":{"start":{"line":11,"column":2},"end":{"line":26,"column":9}},"5":{"start":{"line":12,"column":21},"end":{"line":24,"column":5}},"6":{"start":{"line":13,"column":6},"end":{"line":16,"column":7}},"7":{"start":{"line":14,"column":8},"end":{"line":14,"column":22}},"8":{"start":{"line":15,"column":8},"end":{"line":15,"column":15}},"9":{"start":{"line":17,"column":19},"end":{"line":17,"column":48}},"10":{"start":{"line":18,"column":6},"end":{"line":21,"column":7}},"11":{"start":{"line":19,"column":8},"end":{"line":19,"column":22}},"12":{"start":{"line":20,"column":8},"end":{"line":20,"column":15}},"13":{"start":{"line":22,"column":24},"end":{"line":22,"column":28}},"14":{"start":{"line":23,"column":6},"end":{"line":23,"column":42}},"15":{"start":{"line":25,"column":4},"end":{"line":25,"column":15}},"16":{"start":{"line":28,"column":2},"end":{"line":41,"column":4}},"17":{"start":{"line":35,"column":25},"end":{"line":35,"column":38}}},"fnMap":{"0":{"name":"(anonymous_0)","decl":{"start":{"line":6,"column":24},"end":{"line":6,"column":25}},"loc":{"start":{"line":6,"column":30},"end":{"line":42,"column":1}},"line":6},"1":{"name":"(anonymous_1)","decl":{"start":{"line":11,"column":12},"end":{"line":11,"column":13}},"loc":{"start":{"line":11,"column":18},"end":{"line":26,"column":3}},"line":11},"2":{"name":"(anonymous_2)","decl":{"start":{"line":12,"column":21},"end":{"line":12,"column":22}},"loc":{"start":{"line":12,"column":33},"end":{"line":24,"column":5}},"line":12},"3":{"name":"(anonymous_3)","decl":{"start":{"line":35,"column":19},"end":{"line":35,"column":20}},"loc":{"start":{"line":35,"column":25},"end":{"line":35,"column":38}},"line":35}},"branchMap":{"0":{"loc":{"start":{"line":13,"column":6},"end":{"line":16,"column":7}},"type":"if","locations":[{"start":{"line":13,"column":6},"end":{"line":16,"column":7}},{"start":{},"end":{}}],"line":13},"1":{"loc":{"start":{"line":18,"column":6},"end":{"line":21,"column":7}},"type":"if","locations":[{"start":{"line":18,"column":6},"end":{"line":21,"column":7}},{"start":{},"end":{}}],"line":18}},"s":{"0":2,"1":4,"2":4,"3":3,"4":3,"5":3,"6":3,"7":1,"8":1,"9":2,"10":2,"11":1,"12":1,"13":1,"14":1,"15":3,"16":3,"17":1},"f":{"0":4,"1":3,"2":3,"3":1},"b":{"0":[1,2],"1":[1,1]},"_coverageSchema":"1a1c01bbd47fc00a2c39e90264f33305004495a9","hash":"ef214ae5a3bab12756c1bb6c514749123cafa040"}
,"C:\\Users\\Poly\\Projects\\LoginAPI\\Front\\src\\pages\\Verified\\index.ts": {"path":"C:\\Users\\Poly\\Projects\\LoginAPI\\Front\\src\\pages\\Verified\\index.ts","statementMap":{},"fnMap":{},"branchMap":{},"s":{},"f":{},"b":{},"_coverageSchema":"1a1c01bbd47fc00a2c39e90264f33305004495a9","hash":"cd24844f567cf2b1b3af62b0c0d2dc358d1bc135"}
,"C:\\Users\\Poly\\Projects\\LoginAPI\\Front\\src\\utils\\validation.ts": {"path":"C:\\Users\\Poly\\Projects\\LoginAPI\\Front\\src\\utils\\validation.ts","statementMap":{"0":{"start":{"line":3,"column":19},"end":{"line":3,"column":23}},"1":{"start":{"line":4,"column":18},"end":{"line":4,"column":25}},"2":{"start":{"line":5,"column":18},"end":{"line":5,"column":25}},"3":{"start":{"line":6,"column":20},"end":{"line":6,"column":36}},"4":{"start":{"line":8,"column":30},"end":{"line":21,"column":1}},"5":{"start":{"line":9,"column":2},"end":{"line":20,"column":3}},"6":{"start":{"line":11,"column":6},"end":{"line":11,"column":31}},"7":{"start":{"line":13,"column":6},"end":{"line":13,"column":30}},"8":{"start":{"line":15,"column":6},"end":{"line":15,"column":30}},"9":{"start":{"line":17,"column":6},"end":{"line":17,"column":32}},"10":{"start":{"line":19,"column":6},"end":{"line":19,"column":19}},"11":{"start":{"line":23,"column":27},"end":{"line":45,"column":2}},"12":{"start":{"line":47,"column":36},"end":{"line":56,"column":2}},"13":{"start":{"line":58,"column":35},"end":{"line":75,"column":2}},"14":{"start":{"line":77,"column":30},"end":{"line":104,"column":2}}},"fnMap":{"0":{"name":"(anonymous_0)","decl":{"start":{"line":8,"column":30},"end":{"line":8,"column":31}},"loc":{"start":{"line":8,"column":49},"end":{"line":21,"column":1}},"line":8}},"branchMap":{"0":{"loc":{"start":{"line":9,"column":2},"end":{"line":20,"column":3}},"type":"switch","locations":[{"start":{"line":10,"column":4},"end":{"line":11,"column":31}},{"start":{"line":12,"column":4},"end":{"line":13,"column":30}},{"start":{"line":14,"column":4},"end":{"line":15,"column":30}},{"start":{"line":16,"column":4},"end":{"line":17,"column":32}},{"start":{"line":18,"column":4},"end":{"line":19,"column":19}}],"line":9}},"s":{"0":4,"1":4,"2":4,"3":4,"4":4,"5":11,"6":1,"7":1,"8":1,"9":1,"10":7,"11":4,"12":4,"13":4,"14":4},"f":{"0":11},"b":{"0":[1,1,1,1,7]},"_coverageSchema":"1a1c01bbd47fc00a2c39e90264f33305004495a9","hash":"4dc0268020d050f89a35d6cb9815a66dec1ac8dd"}
,"C:\\Users\\Poly\\Projects\\LoginAPI\\Front\\src\\utils\\constants\\errors.ts": {"path":"C:\\Users\\Poly\\Projects\\LoginAPI\\Front\\src\\utils\\constants\\errors.ts","statementMap":{"0":{"start":{"line":1,"column":19},"end":{"line":8,"column":2}}},"fnMap":{},"branchMap":{},"s":{"0":3},"f":{},"b":{},"_coverageSchema":"1a1c01bbd47fc00a2c39e90264f33305004495a9","hash":"70094bda322745abfefee87ff3d23e6e5cf99e37"}
,"C:\\Users\\Poly\\Projects\\LoginAPI\\Front\\src\\utils\\constants\\tracking.ts": {"path":"C:\\Users\\Poly\\Projects\\LoginAPI\\Front\\src\\utils\\constants\\tracking.ts","statementMap":{"0":{"start":{"line":1,"column":38},"end":{"line":1,"column":53}}},"fnMap":{},"branchMap":{},"s":{"0":7},"f":{},"b":{},"_coverageSchema":"1a1c01bbd47fc00a2c39e90264f33305004495a9","hash":"b8c73bfd484b0b04ec21069753cb30a5d5c8c440"}
,"C:\\Users\\Poly\\Projects\\LoginAPI\\Front\\src\\utils\\http\\http-method.ts": {"path":"C:\\Users\\Poly\\Projects\\LoginAPI\\Front\\src\\utils\\http\\http-method.ts","statementMap":{"0":{"start":{"line":1,"column":28},"end":{"line":7,"column":2}}},"fnMap":{},"branchMap":{},"s":{"0":7},"f":{},"b":{},"_coverageSchema":"1a1c01bbd47fc00a2c39e90264f33305004495a9","hash":"734e04d94a284bd5d71c682bcb15e8512068dab6"}
,"C:\\Users\\Poly\\Projects\\LoginAPI\\Front\\src\\utils\\http\\http.ts": {"path":"C:\\Users\\Poly\\Projects\\LoginAPI\\Front\\src\\utils\\http\\http.ts","statementMap":{"0":{"start":{"line":6,"column":15},"end":{"line":6,"column":21}},"1":{"start":{"line":8,"column":20},"end":{"line":10,"column":1}},"2":{"start":{"line":12,"column":33},"end":{"line":16,"column":1}},"3":{"start":{"line":13,"column":2},"end":{"line":15,"column":4}},"4":{"start":{"line":18,"column":26},"end":{"line":19,"column":65}},"5":{"start":{"line":19,"column":2},"end":{"line":19,"column":65}},"6":{"start":{"line":21,"column":19},"end":{"line":31,"column":1}},"7":{"start":{"line":22,"column":2},"end":{"line":30,"column":5}},"8":{"start":{"line":33,"column":20},"end":{"line":44,"column":1}},"9":{"start":{"line":34,"column":2},"end":{"line":43,"column":5}},"10":{"start":{"line":46,"column":19},"end":{"line":57,"column":1}},"11":{"start":{"line":47,"column":2},"end":{"line":56,"column":5}},"12":{"start":{"line":59,"column":21},"end":{"line":70,"column":1}},"13":{"start":{"line":60,"column":2},"end":{"line":69,"column":5}},"14":{"start":{"line":72,"column":25},"end":{"line":83,"column":1}},"15":{"start":{"line":73,"column":2},"end":{"line":82,"column":5}}},"fnMap":{"0":{"name":"(anonymous_0)","decl":{"start":{"line":12,"column":33},"end":{"line":12,"column":34}},"loc":{"start":{"line":12,"column":39},"end":{"line":16,"column":1}},"line":12},"1":{"name":"(anonymous_1)","decl":{"start":{"line":18,"column":26},"end":{"line":18,"column":27}},"loc":{"start":{"line":19,"column":2},"end":{"line":19,"column":65}},"line":19},"2":{"name":"(anonymous_2)","decl":{"start":{"line":21,"column":19},"end":{"line":21,"column":20}},"loc":{"start":{"line":21,"column":55},"end":{"line":31,"column":1}},"line":21},"3":{"name":"(anonymous_3)","decl":{"start":{"line":33,"column":20},"end":{"line":33,"column":21}},"loc":{"start":{"line":33,"column":67},"end":{"line":44,"column":1}},"line":33},"4":{"name":"(anonymous_4)","decl":{"start":{"line":46,"column":19},"end":{"line":46,"column":20}},"loc":{"start":{"line":46,"column":66},"end":{"line":57,"column":1}},"line":46},"5":{"name":"(anonymous_5)","decl":{"start":{"line":59,"column":21},"end":{"line":59,"column":22}},"loc":{"start":{"line":59,"column":73},"end":{"line":70,"column":1}},"line":59},"6":{"name":"(anonymous_6)","decl":{"start":{"line":72,"column":25},"end":{"line":72,"column":26}},"loc":{"start":{"line":72,"column":67},"end":{"line":83,"column":1}},"line":72}},"branchMap":{"0":{"loc":{"start":{"line":19,"column":2},"end":{"line":19,"column":65}},"type":"binary-expr","locations":[{"start":{"line":19,"column":2},"end":{"line":19,"column":25}},{"start":{"line":19,"column":29},"end":{"line":19,"column":65}}],"line":19},"1":{"loc":{"start":{"line":21,"column":33},"end":{"line":21,"column":50}},"type":"default-arg","locations":[{"start":{"line":21,"column":48},"end":{"line":21,"column":50}}],"line":21},"2":{"loc":{"start":{"line":33,"column":45},"end":{"line":33,"column":62}},"type":"default-arg","locations":[{"start":{"line":33,"column":60},"end":{"line":33,"column":62}}],"line":33},"3":{"loc":{"start":{"line":46,"column":44},"end":{"line":46,"column":61}},"type":"default-arg","locations":[{"start":{"line":46,"column":59},"end":{"line":46,"column":61}}],"line":46},"4":{"loc":{"start":{"line":59,"column":35},"end":{"line":59,"column":49}},"type":"default-arg","locations":[{"start":{"line":59,"column":47},"end":{"line":59,"column":49}}],"line":59},"5":{"loc":{"start":{"line":59,"column":51},"end":{"line":59,"column":68}},"type":"default-arg","locations":[{"start":{"line":59,"column":66},"end":{"line":59,"column":68}}],"line":59}},"s":{"0":7,"1":7,"2":7,"3":6,"4":7,"5":31,"6":7,"7":1,"8":7,"9":1,"10":7,"11":1,"12":7,"13":1,"14":7,"15":1},"f":{"0":6,"1":31,"2":1,"3":1,"4":1,"5":1,"6":1},"b":{"0":[31,31],"1":[1],"2":[1],"3":[1],"4":[1],"5":[1]},"_coverageSchema":"1a1c01bbd47fc00a2c39e90264f33305004495a9","hash":"d18834e6cfaa8ec097c74780fcb6dad11fbe578a"}
}
