TN:
SF:src\index.tsx
FNF:0
FNH:0
DA:7,0
DA:10,0
DA:19,0
LF:3
LH:0
BRF:0
BRH:0
end_of_record
TN:
SF:src\setupProxy.js
FN:5,(anonymous_0)
FNF:1
FNH:0
FNDA:0,(anonymous_0)
DA:1,0
DA:3,0
DA:5,0
DA:6,0
LF:4
LH:0
BRDA:3,0,0,0
BRDA:3,0,1,0
BRF:2
BRH:0
end_of_record
TN:
SF:src\api\usersAPI.ts
FN:14,(anonymous_0)
FN:25,(anonymous_1)
FN:36,(anonymous_2)
FN:45,(anonymous_3)
FN:54,(anonymous_4)
FN:71,(anonymous_5)
FN:80,(anonymous_6)
FNF:7
FNH:7
FNDA:4,(anonymous_0)
FNDA:7,(anonymous_1)
FNDA:4,(anonymous_2)
FNDA:3,(anonymous_3)
FNDA:4,(anonymous_4)
FNDA:4,(anonymous_5)
FNDA:4,(anonymous_6)
DA:3,6
DA:4,6
DA:14,6
DA:15,4
DA:18,4
DA:19,1
DA:21,3
DA:22,3
DA:25,6
DA:26,7
DA:29,7
DA:30,1
DA:32,6
DA:33,6
DA:36,6
DA:37,4
DA:38,4
DA:39,1
DA:41,3
DA:42,3
DA:45,6
DA:46,3
DA:47,3
DA:48,1
DA:50,2
DA:51,2
DA:54,6
DA:59,4
DA:64,4
DA:65,1
DA:67,3
DA:68,3
DA:71,6
DA:72,4
DA:73,4
DA:74,1
DA:76,3
DA:77,3
DA:80,6
DA:85,4
DA:90,4
DA:91,1
DA:93,3
DA:94,3
LF:44
LH:44
BRDA:18,0,0,1
BRDA:18,0,1,3
BRDA:29,1,0,1
BRDA:29,1,1,6
BRDA:38,2,0,1
BRDA:38,2,1,3
BRDA:47,3,0,1
BRDA:47,3,1,2
BRDA:64,4,0,1
BRDA:64,4,1,3
BRDA:73,5,0,1
BRDA:73,5,1,3
BRDA:90,6,0,1
BRDA:90,6,1,3
BRF:14
BRH:14
end_of_record
TN:
SF:src\components\App\App.tsx
FN:4,(anonymous_0)
FNF:1
FNH:1
FNDA:1,(anonymous_0)
DA:4,1
DA:5,1
LF:2
LH:2
BRF:0
BRH:0
end_of_record
TN:
SF:src\components\App\index.ts
FNF:0
FNH:0
LF:0
LH:0
BRF:0
BRH:0
end_of_record
TN:
SF:src\components\Button\Button.tsx
FN:15,(anonymous_0)
FNF:1
FNH:1
FNDA:260,(anonymous_0)
DA:15,7
DA:22,260
DA:24,260
LF:3
LH:3
BRDA:17,0,0,3
BRDA:18,1,0,260
BRDA:19,2,0,260
BRF:3
BRH:3
end_of_record
TN:
SF:src\components\Button\index.ts
FNF:0
FNH:0
LF:0
LH:0
BRF:0
BRH:0
end_of_record
TN:
SF:src\components\TabsUI\Tabs.tsx
FN:13,(anonymous_0)
FN:25,(anonymous_1)
FN:34,(anonymous_2)
FN:41,(anonymous_3)
FNF:4
FNH:4
FNDA:44,(anonymous_0)
FNDA:88,(anonymous_1)
FNDA:5,(anonymous_2)
FNDA:88,(anonymous_3)
DA:13,3
DA:14,44
DA:15,44
DA:26,88
DA:34,5
DA:42,88
LF:6
LH:6
BRDA:13,0,0,44
BRDA:19,1,0,43
BRDA:19,1,1,1
BRDA:23,2,0,43
BRDA:23,2,1,1
BRDA:42,3,0,44
BRDA:42,3,1,44
BRF:7
BRH:7
end_of_record
TN:
SF:src\components\TabsUI\index.ts
FNF:0
FNH:0
LF:0
LH:0
BRF:0
BRH:0
end_of_record
TN:
SF:src\components\TabsUI\Tab\Tab.tsx
FN:9,(anonymous_0)
FNF:1
FNH:1
FNDA:45,(anonymous_0)
DA:9,4
DA:10,45
LF:2
LH:2
BRDA:9,0,0,1
BRF:1
BRH:1
end_of_record
TN:
SF:src\components\TabsUI\Tab\index.ts
FNF:0
FNH:0
LF:0
LH:0
BRF:0
BRH:0
end_of_record
TN:
SF:src\components\TextInput\TextInput.tsx
FN:19,(anonymous_0)
FN:28,(anonymous_1)
FN:33,(anonymous_2)
FNF:3
FNH:3
FNDA:131,(anonymous_0)
FNDA:28,(anonymous_1)
FNDA:2,(anonymous_2)
DA:19,4
DA:27,131
DA:28,131
DA:29,28
DA:30,26
DA:33,131
DA:34,2
DA:37,131
LF:8
LH:8
BRDA:20,0,0,8
BRDA:29,1,0,26
BRDA:29,1,1,2
BRDA:34,2,0,1
BRDA:34,2,1,1
BRDA:43,3,0,87
BRDA:43,3,1,44
BRDA:49,4,0,131
BRDA:49,4,1,87
BRDA:55,5,0,86
BRDA:55,5,1,1
BRDA:76,6,0,1
BRDA:76,6,1,130
BRF:13
BRH:13
end_of_record
TN:
SF:src\components\TextInput\index.ts
FNF:0
FNH:0
LF:0
LH:0
BRF:0
BRH:0
end_of_record
TN:
SF:src\components\Tooltip\Tooltip.tsx
FN:10,(anonymous_0)
FN:22,(anonymous_1)
FN:23,(anonymous_2)
FNF:3
FNH:3
FNDA:265,(anonymous_0)
FNDA:1,(anonymous_1)
FNDA:1,(anonymous_2)
DA:10,8
DA:16,265
DA:18,265
DA:22,1
DA:23,1
LF:5
LH:5
BRDA:11,0,0,265
BRDA:28,1,0,1
BRDA:28,1,1,264
BRDA:28,2,0,265
BRDA:28,2,1,1
BRF:5
BRH:5
end_of_record
TN:
SF:src\components\Tooltip\index.ts
FNF:0
FNH:0
LF:0
LH:0
BRF:0
BRH:0
end_of_record
TN:
SF:src\pages\index.ts
FNF:0
FNH:0
LF:0
LH:0
BRF:0
BRH:0
end_of_record
TN:
SF:src\pages\Home\Home.tsx
FN:5,(anonymous_0)
FN:9,(anonymous_1)
FN:10,(anonymous_2)
FNF:3
FNH:3
FNDA:3,(anonymous_0)
FNDA:2,(anonymous_1)
FNDA:2,(anonymous_2)
DA:5,2
DA:6,3
DA:7,2
DA:9,2
DA:10,2
DA:11,2
DA:12,2
DA:13,1
DA:14,1
DA:16,1
DA:17,1
DA:19,2
DA:22,2
LF:13
LH:13
BRDA:12,0,0,1
BRDA:12,0,1,1
BRF:2
BRH:2
end_of_record
TN:
SF:src\pages\Home\index.ts
FNF:0
FNH:0
LF:0
LH:0
BRF:0
BRH:0
end_of_record
TN:
SF:src\pages\Login\Login.tsx
FN:18,(anonymous_0)
FN:38,(anonymous_1)
FN:46,(anonymous_2)
FN:54,(anonymous_3)
FN:75,(anonymous_4)
FN:93,(anonymous_5)
FNF:6
FNH:6
FNDA:37,(anonymous_0)
FNDA:9,(anonymous_1)
FNDA:10,(anonymous_2)
FNDA:3,(anonymous_3)
FNDA:3,(anonymous_4)
FNDA:2,(anonymous_5)
DA:18,2
DA:19,37
DA:23,36
DA:36,36
DA:38,36
DA:42,9
DA:43,9
DA:46,36
DA:50,10
DA:51,10
DA:54,36
DA:55,3
DA:56,3
DA:57,1
DA:58,1
DA:62,1
DA:64,2
DA:65,2
DA:66,2
DA:67,2
DA:68,1
DA:69,1
DA:70,1
DA:72,1
DA:75,36
DA:76,3
DA:77,3
DA:78,1
DA:79,1
DA:83,1
DA:85,2
DA:86,2
DA:87,2
DA:88,2
DA:89,1
DA:93,36
DA:94,2
DA:97,2
DA:98,1
DA:99,1
DA:103,1
DA:105,1
DA:106,1
DA:112,36
LF:44
LH:44
BRDA:56,0,0,1
BRDA:56,0,1,2
BRDA:67,1,0,1
BRDA:67,1,1,1
BRDA:77,2,0,1
BRDA:77,2,1,2
BRDA:88,3,0,1
BRDA:88,3,1,1
BRDA:97,4,0,1
BRDA:97,4,1,1
BRDA:155,5,0,35
BRDA:155,5,1,1
BRF:12
BRH:12
end_of_record
TN:
SF:src\pages\Login\index.ts
FNF:0
FNH:0
LF:0
LH:0
BRF:0
BRH:0
end_of_record
TN:
SF:src\pages\ResetPassword\ResetPassword.tsx
FN:10,(anonymous_0)
FN:21,(anonymous_1)
FN:22,(anonymous_2)
FN:38,(anonymous_3)
FN:44,(anonymous_4)
FN:72,(anonymous_5)
FNF:6
FNH:6
FNDA:17,(anonymous_0)
FNDA:6,(anonymous_1)
FNDA:6,(anonymous_2)
FNDA:6,(anonymous_3)
FNDA:5,(anonymous_4)
FNDA:1,(anonymous_5)
DA:10,2
DA:11,17
DA:17,16
DA:18,16
DA:19,16
DA:21,16
DA:22,6
DA:23,6
DA:24,1
DA:25,1
DA:27,5
DA:28,5
DA:29,1
DA:30,1
DA:32,4
DA:33,4
DA:35,6
DA:38,16
DA:42,6
DA:44,16
DA:45,5
DA:46,1
DA:48,4
DA:52,4
DA:53,2
DA:54,2
DA:58,2
DA:60,2
DA:65,2
DA:66,1
DA:69,2
DA:72,16
DA:73,1
DA:74,1
DA:76,16
LF:35
LH:35
BRDA:23,0,0,1
BRDA:23,0,1,5
BRDA:28,1,0,1
BRDA:28,1,1,4
BRDA:45,2,0,1
BRDA:45,2,1,4
BRDA:52,3,0,2
BRDA:52,3,1,2
BRDA:65,4,0,1
BRDA:65,4,1,1
BRDA:86,5,0,15
BRDA:86,5,1,1
BRF:12
BRH:12
end_of_record
TN:
SF:src\pages\ResetPassword\index.ts
FNF:0
FNH:0
LF:0
LH:0
BRF:0
BRH:0
end_of_record
TN:
SF:src\pages\Verified\Verified.tsx
FN:6,(anonymous_0)
FN:11,(anonymous_1)
FN:12,(anonymous_2)
FN:35,(anonymous_3)
FNF:4
FNH:4
FNDA:4,(anonymous_0)
FNDA:3,(anonymous_1)
FNDA:3,(anonymous_2)
FNDA:1,(anonymous_3)
DA:6,2
DA:7,4
DA:8,4
DA:9,3
DA:11,3
DA:12,3
DA:13,3
DA:14,1
DA:15,1
DA:17,2
DA:18,2
DA:19,1
DA:20,1
DA:22,1
DA:23,1
DA:25,3
DA:28,3
DA:35,1
LF:18
LH:18
BRDA:13,0,0,1
BRDA:13,0,1,2
BRDA:18,1,0,1
BRDA:18,1,1,1
BRF:4
BRH:4
end_of_record
TN:
SF:src\pages\Verified\index.ts
FNF:0
FNH:0
LF:0
LH:0
BRF:0
BRH:0
end_of_record
TN:
SF:src\utils\validation.ts
FN:8,(anonymous_0)
FNF:1
FNH:1
FNDA:11,(anonymous_0)
DA:3,4
DA:4,4
DA:5,4
DA:6,4
DA:8,4
DA:9,11
DA:11,1
DA:13,1
DA:15,1
DA:17,1
DA:19,7
DA:23,4
DA:47,4
DA:58,4
DA:77,4
LF:15
LH:15
BRDA:9,0,0,1
BRDA:9,0,1,1
BRDA:9,0,2,1
BRDA:9,0,3,1
BRDA:9,0,4,7
BRF:5
BRH:5
end_of_record
TN:
SF:src\utils\constants\errors.ts
FNF:0
FNH:0
DA:1,3
LF:1
LH:1
BRF:0
BRH:0
end_of_record
TN:
SF:src\utils\constants\tracking.ts
FNF:0
FNH:0
DA:1,7
LF:1
LH:1
BRF:0
BRH:0
end_of_record
TN:
SF:src\utils\http\http-method.ts
FNF:0
FNH:0
DA:1,7
LF:1
LH:1
BRF:0
BRH:0
end_of_record
TN:
SF:src\utils\http\http.ts
FN:12,(anonymous_0)
FN:18,(anonymous_1)
FN:21,(anonymous_2)
FN:33,(anonymous_3)
FN:46,(anonymous_4)
FN:59,(anonymous_5)
FN:72,(anonymous_6)
FNF:7
FNH:7
FNDA:6,(anonymous_0)
FNDA:31,(anonymous_1)
FNDA:1,(anonymous_2)
FNDA:1,(anonymous_3)
FNDA:1,(anonymous_4)
FNDA:1,(anonymous_5)
FNDA:1,(anonymous_6)
DA:6,7
DA:8,7
DA:12,7
DA:13,6
DA:18,7
DA:19,31
DA:21,7
DA:22,1
DA:33,7
DA:34,1
DA:46,7
DA:47,1
DA:59,7
DA:60,1
DA:72,7
DA:73,1
LF:16
LH:16
BRDA:19,0,0,31
BRDA:19,0,1,31
BRDA:21,1,0,1
BRDA:33,2,0,1
BRDA:46,3,0,1
BRDA:59,4,0,1
BRDA:59,5,0,1
BRF:7
BRH:7
end_of_record
